[18Aug2025 01:10:26.402] [main/INFO] [cpw.mods.modlauncher.Launcher/MODLAUNCHER]: ModLauncher running: args [--launchTarget, forgedatauserdev, --assetIndex, 5, --assetsDir, C:\Users\jackb\.gradle\caches\forge_gradle\assets, --gameDir, ., --fml.forgeVersion, 47.4.4, --fml.mcVersion, 1.20.1, --fml.forgeGroup, net.minecraftforge, --fml.mcpVersion, 20230612.114412, --mod, cfstuff, --all, --output, C:\Users\jackb\cf-stuff\src\generated\resources, --existing, C:\Users\jackb\cf-stuff\src\main\resources, --mixin.config, cfstuff.mixins.json]
[18Aug2025 01:10:26.419] [main/INFO] [cpw.mods.modlauncher.Launcher/MODLAUNCHER]: ModLauncher 10.0.9+10.0.9+main.dcd20f30 starting: java version 17.0.16 by Eclipse Adoptium; OS Windows 11 arch amd64 version 10.0
[18Aug2025 01:10:26.556] [main/INFO] [net.minecraftforge.fml.loading.ImmediateWindowHandler/]: ImmediateWindowProvider not loading because launch target is forgedatauserdev
[18Aug2025 01:10:26.614] [main/INFO] [mixin/]: SpongePowered MIXIN Subsystem Version=0.8.5 Source=union:/C:/Users/jackb/.gradle/caches/modules-2/files-2.1/org.spongepowered/mixin/0.8.5/9d1c0c3a304ae6697ecd477218fa61b850bf57fc/mixin-0.8.5.jar%23128!/ Service=ModLauncher Env=CLIENT
[18Aug2025 01:10:26.970] [main/WARN] [net.minecraftforge.fml.loading.moddiscovery.ModFileParser/LOADING]: Mod file C:\Users\jackb\.gradle\caches\modules-2\files-2.1\net.minecraftforge\javafmllanguage\1.20.1-47.4.4\c05c04093d241dea1d0f54782d19cfe5db9d0aac\javafmllanguage-1.20.1-47.4.4.jar is missing mods.toml file
[18Aug2025 01:10:26.973] [main/WARN] [net.minecraftforge.fml.loading.moddiscovery.ModFileParser/LOADING]: Mod file C:\Users\jackb\.gradle\caches\modules-2\files-2.1\net.minecraftforge\lowcodelanguage\1.20.1-47.4.4\8a8bd6d44f3f0e6a1145b9066eac84fdcfbe7108\lowcodelanguage-1.20.1-47.4.4.jar is missing mods.toml file
[18Aug2025 01:10:26.976] [main/WARN] [net.minecraftforge.fml.loading.moddiscovery.ModFileParser/LOADING]: Mod file C:\Users\jackb\.gradle\caches\modules-2\files-2.1\net.minecraftforge\mclanguage\1.20.1-47.4.4\a8876f0a1a04237fc48a4a73692ea08e0443d2ba\mclanguage-1.20.1-47.4.4.jar is missing mods.toml file
[18Aug2025 01:10:26.979] [main/WARN] [net.minecraftforge.fml.loading.moddiscovery.ModFileParser/LOADING]: Mod file C:\Users\jackb\.gradle\caches\modules-2\files-2.1\net.minecraftforge\fmlcore\1.20.1-47.4.4\55a693260a8a7b851c3531972ef997294c191b3e\fmlcore-1.20.1-47.4.4.jar is missing mods.toml file
[18Aug2025 01:10:27.311] [main/INFO] [net.minecraftforge.fml.loading.moddiscovery.JarInJarDependencyLocator/]: Found 1 dependencies adding them to mods collection
[18Aug2025 01:10:28.979] [main/ERROR] [mixin/]: Mixin config cfstuff.mixins.json does not specify "minVersion" property
[18Aug2025 01:10:28.995] [main/INFO] [mixin/]: Compatibility level set to JAVA_17
[18Aug2025 01:10:29.006] [main/INFO] [cpw.mods.modlauncher.LaunchServiceHandler/MODLAUNCHER]: Launching target 'forgedatauserdev' with arguments [--gameDir, ., --assetsDir, C:\Users\jackb\.gradle\caches\forge_gradle\assets, --assetIndex, 5, --mod, cfstuff, --all, --output, C:\Users\jackb\cf-stuff\src\generated\resources, --existing, C:\Users\jackb\cf-stuff\src\main\resources]
[18Aug2025 01:10:29.093] [main/WARN] [mixin/]: Reference map 'cfstuff.refmap.json' for cfstuff.mixins.json could not be read. If this is a development environment you can ignore this message
[18Aug2025 01:10:29.449] [main/INFO] [mixin/]: Remapping refMap curios.refmap.json using C:\Users\jackb\cf-stuff\build\createSrgToMcp\output.srg
[18Aug2025 01:10:29.450] [main/INFO] [mixin/]: Remapping refMap flywheel.refmap.json using C:\Users\jackb\cf-stuff\build\createSrgToMcp\output.srg
[18Aug2025 01:10:29.457] [main/INFO] [mixin/]: Remapping refMap flywheel.refmap.json using C:\Users\jackb\cf-stuff\build\createSrgToMcp\output.srg
[18Aug2025 01:10:29.458] [main/INFO] [mixin/]: Remapping refMap create.refmap.json using C:\Users\jackb\cf-stuff\build\createSrgToMcp\output.srg
[18Aug2025 01:10:29.458] [main/INFO] [mixin/]: Remapping refMap create_bnz.refmap.json using C:\Users\jackb\cf-stuff\build\createSrgToMcp\output.srg
[18Aug2025 01:10:30.318] [main/INFO] [net.minecraftforge.data.loading.DatagenModLoader/]: Initializing Data Gatherer for mods [cfstuff]
[18Aug2025 01:10:30.482] [main/INFO] [MixinExtras|Service/]: Initializing MixinExtras via com.llamalad7.mixinextras.service.MixinExtrasServiceImpl(version=0.3.5).
[18Aug2025 01:10:34.380] [main/FATAL] [mixin/]: Mixin apply failed curios.mixins.json:MixinApplyBonusCount -> net.minecraft.world.level.storage.loot.functions.ApplyBonusCount: org.spongepowered.asm.mixin.transformer.throwables.InvalidMixinException @Shadow field f_79899_ was not located in the target class net.minecraft.world.level.storage.loot.functions.ApplyBonusCount. Using refmap curios.refmap.json
org.spongepowered.asm.mixin.transformer.throwables.InvalidMixinException: @Shadow field f_79899_ was not located in the target class net.minecraft.world.level.storage.loot.functions.ApplyBonusCount. Using refmap curios.refmap.json
	at org.spongepowered.asm.mixin.transformer.MixinPreProcessorStandard.attachFields(MixinPreProcessorStandard.java:629) ~[mixin-0.8.5.jar:0.8.5+Jenkins-b310.git-155314e6e91465dad727e621a569906a410cd6f4]
	at org.spongepowered.asm.mixin.transformer.MixinPreProcessorStandard.attach(MixinPreProcessorStandard.java:305) ~[mixin-0.8.5.jar:0.8.5+Jenkins-b310.git-155314e6e91465dad727e621a569906a410cd6f4]
	at org.spongepowered.asm.mixin.transformer.MixinPreProcessorStandard.createContextFor(MixinPreProcessorStandard.java:280) ~[mixin-0.8.5.jar:0.8.5+Jenkins-b310.git-155314e6e91465dad727e621a569906a410cd6f4]
	at org.spongepowered.asm.mixin.transformer.MixinInfo.createContextFor(MixinInfo.java:1288) ~[mixin-0.8.5.jar:0.8.5+Jenkins-b310.git-155314e6e91465dad727e621a569906a410cd6f4]
	at org.spongepowered.asm.mixin.transformer.MixinApplicatorStandard.apply(MixinApplicatorStandard.java:292) ~[mixin-0.8.5.jar:0.8.5+Jenkins-b310.git-155314e6e91465dad727e621a569906a410cd6f4]
	at org.spongepowered.asm.mixin.transformer.TargetClassContext.apply(TargetClassContext.java:383) ~[mixin-0.8.5.jar:0.8.5+Jenkins-b310.git-155314e6e91465dad727e621a569906a410cd6f4]
	at org.spongepowered.asm.mixin.transformer.TargetClassContext.applyMixins(TargetClassContext.java:365) ~[mixin-0.8.5.jar:0.8.5+Jenkins-b310.git-155314e6e91465dad727e621a569906a410cd6f4]
	at org.spongepowered.asm.mixin.transformer.MixinProcessor.applyMixins(MixinProcessor.java:363) ~[mixin-0.8.5.jar:0.8.5+Jenkins-b310.git-155314e6e91465dad727e621a569906a410cd6f4]
	at org.spongepowered.asm.mixin.transformer.MixinTransformer.transformClass(MixinTransformer.java:250) ~[mixin-0.8.5.jar:0.8.5+Jenkins-b310.git-155314e6e91465dad727e621a569906a410cd6f4]
	at org.spongepowered.asm.service.modlauncher.MixinTransformationHandler.processClass(MixinTransformationHandler.java:131) ~[mixin-0.8.5.jar:0.8.5+Jenkins-b310.git-155314e6e91465dad727e621a569906a410cd6f4]
	at org.spongepowered.asm.launch.MixinLaunchPluginLegacy.processClass(MixinLaunchPluginLegacy.java:131) ~[mixin-0.8.5.jar:0.8.5+Jenkins-b310.git-155314e6e91465dad727e621a569906a410cd6f4]
	at cpw.mods.modlauncher.serviceapi.ILaunchPluginService.processClassWithFlags(ILaunchPluginService.java:156) ~[modlauncher-10.0.9.jar:10.0.9+10.0.9+main.dcd20f30]
	at cpw.mods.modlauncher.LaunchPluginHandler.offerClassNodeToPlugins(LaunchPluginHandler.java:88) ~[modlauncher-10.0.9.jar:?]
	at cpw.mods.modlauncher.ClassTransformer.transform(ClassTransformer.java:120) ~[modlauncher-10.0.9.jar:?]
	at cpw.mods.modlauncher.TransformingClassLoader.maybeTransformClassBytes(TransformingClassLoader.java:50) ~[modlauncher-10.0.9.jar:?]
	at cpw.mods.cl.ModuleClassLoader.readerToClass(ModuleClassLoader.java:113) ~[securejarhandler-2.1.10.jar:?]
	at cpw.mods.cl.ModuleClassLoader.lambda$findClass$15(ModuleClassLoader.java:219) ~[securejarhandler-2.1.10.jar:?]
	at cpw.mods.cl.ModuleClassLoader.loadFromModule(ModuleClassLoader.java:229) ~[securejarhandler-2.1.10.jar:?]
	at cpw.mods.cl.ModuleClassLoader.findClass(ModuleClassLoader.java:219) ~[securejarhandler-2.1.10.jar:?]
	at cpw.mods.cl.ModuleClassLoader.loadClass(ModuleClassLoader.java:135) ~[securejarhandler-2.1.10.jar:?]
	at java.lang.ClassLoader.loadClass(ClassLoader.java:525) ~[?:?]
	at net.minecraft.world.level.storage.loot.functions.LootItemFunctions.<clinit>(LootItemFunctions.java:34) ~[forge-1.20.1-47.4.4_mapped_parchment_2023.06.26-1.20.1-recomp.jar:?]
	at net.minecraft.core.registries.BuiltInRegistries.lambda$static$29(BuiltInRegistries.java:301) ~[forge-1.20.1-47.4.4_mapped_parchment_2023.06.26-1.20.1-recomp.jar:?]
	at net.minecraft.core.registries.BuiltInRegistries.lambda$internalRegister$53(BuiltInRegistries.java:448) ~[forge-1.20.1-47.4.4_mapped_parchment_2023.06.26-1.20.1-recomp.jar:?]
	at net.minecraft.core.registries.BuiltInRegistries.lambda$createContents$54(BuiltInRegistries.java:462) ~[forge-1.20.1-47.4.4_mapped_parchment_2023.06.26-1.20.1-recomp.jar:?]
	at java.util.LinkedHashMap.forEach(LinkedHashMap.java:721) ~[?:?]
	at net.minecraft.core.registries.BuiltInRegistries.createContents(BuiltInRegistries.java:461) ~[forge-1.20.1-47.4.4_mapped_parchment_2023.06.26-1.20.1-recomp.jar:?]
	at net.minecraft.core.registries.BuiltInRegistries.bootStrap(BuiltInRegistries.java:455) ~[forge-1.20.1-47.4.4_mapped_parchment_2023.06.26-1.20.1-recomp.jar:?]
	at net.minecraft.server.Bootstrap.bootStrap(Bootstrap.java:59) ~[forge-1.20.1-47.4.4_mapped_parchment_2023.06.26-1.20.1-recomp.jar:?]
	at net.minecraftforge.data.loading.DatagenModLoader.begin(DatagenModLoader.java:42) ~[forge-1.20.1-47.4.4_mapped_parchment_2023.06.26-1.20.1-recomp.jar:?]
	at net.minecraft.data.Main.main(Main.java:90) ~[forge-1.20.1-47.4.4_mapped_parchment_2023.06.26-1.20.1-recomp.jar:?]
	at jdk.internal.reflect.NativeMethodAccessorImpl.invoke0(Native Method) ~[?:?]
	at jdk.internal.reflect.NativeMethodAccessorImpl.invoke(NativeMethodAccessorImpl.java:77) ~[?:?]
	at jdk.internal.reflect.DelegatingMethodAccessorImpl.invoke(DelegatingMethodAccessorImpl.java:43) ~[?:?]
	at java.lang.reflect.Method.invoke(Method.java:569) ~[?:?]
	at net.minecraftforge.fml.loading.targets.CommonLaunchHandler.runTarget(CommonLaunchHandler.java:111) ~[fmlloader-1.20.1-47.4.4.jar:?]
	at net.minecraftforge.fml.loading.targets.CommonLaunchHandler.dataService(CommonLaunchHandler.java:107) ~[fmlloader-1.20.1-47.4.4.jar:?]
	at net.minecraftforge.fml.loading.targets.ForgeDataUserdevLaunchHandler.devService(ForgeDataUserdevLaunchHandler.java:22) ~[fmlloader-1.20.1-47.4.4.jar:?]
	at net.minecraftforge.fml.loading.targets.CommonDevLaunchHandler.lambda$makeService$7(CommonDevLaunchHandler.java:135) ~[fmlloader-1.20.1-47.4.4.jar:?]
	at cpw.mods.modlauncher.LaunchServiceHandlerDecorator.launch(LaunchServiceHandlerDecorator.java:30) ~[modlauncher-10.0.9.jar:?]
	at cpw.mods.modlauncher.LaunchServiceHandler.launch(LaunchServiceHandler.java:53) ~[modlauncher-10.0.9.jar:?]
	at cpw.mods.modlauncher.LaunchServiceHandler.launch(LaunchServiceHandler.java:71) ~[modlauncher-10.0.9.jar:?]
	at cpw.mods.modlauncher.Launcher.run(Launcher.java:108) ~[modlauncher-10.0.9.jar:?]
	at cpw.mods.modlauncher.Launcher.main(Launcher.java:78) ~[modlauncher-10.0.9.jar:?]
	at cpw.mods.modlauncher.BootstrapLaunchConsumer.accept(BootstrapLaunchConsumer.java:26) ~[modlauncher-10.0.9.jar:?]
	at cpw.mods.modlauncher.BootstrapLaunchConsumer.accept(BootstrapLaunchConsumer.java:23) ~[modlauncher-10.0.9.jar:?]
	at cpw.mods.bootstraplauncher.BootstrapLauncher.main(BootstrapLauncher.java:141) ~[bootstraplauncher-1.1.2.jar:?]
